Using pre-set license
Built from '2021.1/release' branch; Version is '2021.1.1f1 (6fdc41dfa55a) revision 7330881'; Using compiler version '192528614'; Build Type 'Release'
OS: 'Windows 10 Pro; OS build 19042.867; Version 2009; 64bit' Language: 'fr' Physical Memory: 32666 MB
BatchMode: 1, IsHumanControllingUs: 0, StartBugReporterOnCrash: 0, Is64bit: 1, IsPro: 0

 COMMAND LINE ARGUMENTS:
C:\Program Files\Unity\Hub\Editor\2021.1.1f1\Editor\Unity.exe
-adb2
-batchMode
-noUpm
-name
AssetImportWorker0
-projectPath
C:/Sources/lforner/ScientificGamejamLyon2021
-logFile
Logs/AssetImportWorker0.log
-srvPort
49851
Successfully changed project path to: C:/Sources/lforner/ScientificGamejamLyon2021
C:/Sources/lforner/ScientificGamejamLyon2021
Using Asset Import Pipeline V2.
Refreshing native plugins compatible for Editor in 37.34 ms, found 0 plugins.
Preloading 0 native plugins for Editor in 0.00 ms.
Initialize engine version: 2021.1.1f1 (6fdc41dfa55a)
[Subsystems] Discovering subsystems at path C:/Program Files/Unity/Hub/Editor/2021.1.1f1/Editor/Data/Resources/UnitySubsystems
[Subsystems] Discovering subsystems at path C:/Sources/lforner/ScientificGamejamLyon2021/Assets
GfxDevice: creating device client; threaded=0; jobified=0
Direct3D:
    Version:  Direct3D 11.0 [level 11.1]
    Renderer: NVIDIA GeForce RTX 2080 with Max-Q Design (ID=0x1e90)
    Vendor:   NVIDIA
    VRAM:     8010 MB
    Driver:   27.21.14.6589
Initialize mono
Mono path[0] = 'C:/Program Files/Unity/Hub/Editor/2021.1.1f1/Editor/Data/Managed'
Mono path[1] = 'C:/Program Files/Unity/Hub/Editor/2021.1.1f1/Editor/Data/MonoBleedingEdge/lib/mono/unityjit'
Mono config path = 'C:/Program Files/Unity/Hub/Editor/2021.1.1f1/Editor/Data/MonoBleedingEdge/etc'
Using monoOptions --debugger-agent=transport=dt_socket,embedding=1,server=y,suspend=n,address=127.0.0.1:56456
Begin MonoManager ReloadAssembly
Registering precompiled unity dll's ...
Register platform support module: C:/Program Files/Unity/Hub/Editor/2021.1.1f1/Editor/Data/PlaybackEngines/WebGLSupport/UnityEditor.WebGL.Extensions.dll
Register platform support module: C:/Program Files/Unity/Hub/Editor/2021.1.1f1/Editor/Data/PlaybackEngines/WindowsStandaloneSupport/UnityEditor.WindowsStandalone.Extensions.dll
Registered in 0.002302 seconds.
Native extension for WindowsStandalone target not found
Native extension for WebGL target not found
Refreshing native plugins compatible for Editor in 34.13 ms, found 0 plugins.
Preloading 0 native plugins for Editor in 0.00 ms.
Mono: successfully reloaded assembly
- Completed reload, in  1.104 seconds
Platform modules already initialized, skipping
Registering precompiled user dll's ...
Registered in 0.001523 seconds.
Begin MonoManager ReloadAssembly
Native extension for WindowsStandalone target not found
Native extension for WebGL target not found
Refreshing native plugins compatible for Editor in 34.31 ms, found 0 plugins.
Preloading 0 native plugins for Editor in 0.00 ms.
Mono: successfully reloaded assembly
- Completed reload, in  0.864 seconds
Platform modules already initialized, skipping
========================================================================
Worker process is ready to serve import requests
Shader 'Universal Render Pipeline/Particles/Lit': fallback shader 'Universal Render Pipeline/Particles/SimpleLit' not found
Shader 'Universal Render Pipeline/Particles/Lit': fallback shader 'Universal Render Pipeline/Particles/SimpleLit' not found
Launched and connected shader compiler UnityShaderCompiler.exe after 0.05 seconds
Refreshing native plugins compatible for Editor in 0.38 ms, found 0 plugins.
Preloading 0 native plugins for Editor in 0.00 ms.
Unloading 2302 Unused Serialized files (Serialized files now loaded: 0)
System memory in use before: 112.5 MB.
System memory in use after: 109.8 MB.

Unloading 47 unused Assets to reduce memory usage. Loaded Objects now: 2726.
Total: 3.680300 ms (FindLiveObjects: 0.295400 ms CreateObjectMapping: 0.175500 ms MarkObjects: 2.133700 ms  DeleteObjects: 1.074600 ms)

========================================================================
Received Import Request.
  path: Assets/_Scenes
  artifactKey: Guid(4bfca0eba796b224f8bfc317c97a68af) Importer(815301076,1909f56bfc062723c751e8b465ee728b)
Start importing Assets/_Scenes using Guid(4bfca0eba796b224f8bfc317c97a68af) Importer(815301076,1909f56bfc062723c751e8b465ee728b)  -> (artifact id: '9b4d7d36552af16fdf9b792c91792bc8') in 0.007583 seconds 
========================================================================
Received Import Request.
  Time since last request: 2.540714 seconds.
  path: Assets/_Scenes/SampleScene.unity
  artifactKey: Guid(d1c3109bdb54ad54c8a2b2838528e640) Importer(815301076,1909f56bfc062723c751e8b465ee728b)
Start importing Assets/_Scenes/SampleScene.unity using Guid(d1c3109bdb54ad54c8a2b2838528e640) Importer(815301076,1909f56bfc062723c751e8b465ee728b)  -> (artifact id: '2237ba68edabc99e713e0f0d79eff8c5') in 0.015601 seconds 
========================================================================
Received Import Request.
  Time since last request: 3.447751 seconds.
  path: Assets/_Scenes/SampleScene 1.unity
  artifactKey: Guid(eb5e2c5f48edab440883d84bdd56e887) Importer(815301076,1909f56bfc062723c751e8b465ee728b)
Start importing Assets/_Scenes/SampleScene 1.unity using Guid(eb5e2c5f48edab440883d84bdd56e887) Importer(815301076,1909f56bfc062723c751e8b465ee728b)  -> (artifact id: 'c900dd0c81a3e714123e5311ca84f83a') in 0.007186 seconds 
========================================================================
Received Import Request.
  Time since last request: 22.018159 seconds.
  path: Assets/_Scenes/Leo.unity
  artifactKey: Guid(eb5e2c5f48edab440883d84bdd56e887) Importer(815301076,1909f56bfc062723c751e8b465ee728b)
Start importing Assets/_Scenes/Leo.unity using Guid(eb5e2c5f48edab440883d84bdd56e887) Importer(815301076,1909f56bfc062723c751e8b465ee728b)  -> (artifact id: 'a30110b767da55dc56e1b1ea0363d791') in 0.007018 seconds 
========================================================================
Received Prepare
Registering precompiled user dll's ...
Registered in 0.001571 seconds.
Begin MonoManager ReloadAssembly
Native extension for WindowsStandalone target not found
Native extension for WebGL target not found
Refreshing native plugins compatible for Editor in 0.37 ms, found 0 plugins.
Preloading 0 native plugins for Editor in 0.00 ms.
Mono: successfully reloaded assembly
- Completed reload, in  0.900 seconds
Platform modules already initialized, skipping
Shader 'Universal Render Pipeline/Particles/Lit': fallback shader 'Universal Render Pipeline/Particles/SimpleLit' not found
Shader 'Universal Render Pipeline/Particles/Lit': fallback shader 'Universal Render Pipeline/Particles/SimpleLit' not found
Refreshing native plugins compatible for Editor in 0.35 ms, found 0 plugins.
Preloading 0 native plugins for Editor in 0.00 ms.
Unloading 2230 Unused Serialized files (Serialized files now loaded: 0)
System memory in use before: 109.1 MB.
System memory in use after: 106.4 MB.

Unloading 43 unused Assets to reduce memory usage. Loaded Objects now: 2729.
Total: 2.858900 ms (FindLiveObjects: 0.182100 ms CreateObjectMapping: 0.100500 ms MarkObjects: 1.581200 ms  DeleteObjects: 0.993700 ms)

========================================================================
Received Import Request.
  Time since last request: 119.964170 seconds.
  path: Assets/_Scripts
  artifactKey: Guid(02a3527b6b33a924e8ec66aa805ea717) Importer(815301076,1909f56bfc062723c751e8b465ee728b)
Start importing Assets/_Scripts using Guid(02a3527b6b33a924e8ec66aa805ea717) Importer(815301076,1909f56bfc062723c751e8b465ee728b)  -> (artifact id: 'a76850cbc5d0bafa878170d06af285d1') in 0.009000 seconds 
========================================================================
Received Import Request.
  Time since last request: 15.205861 seconds.
  path: Assets/_Scripts/IsoCameraController.cs
  artifactKey: Guid(7e27366fefe206f4e8e285ed99822687) Importer(815301076,1909f56bfc062723c751e8b465ee728b)
Start importing Assets/_Scripts/IsoCameraController.cs using Guid(7e27366fefe206f4e8e285ed99822687) Importer(815301076,1909f56bfc062723c751e8b465ee728b)  -> (artifact id: '87e18f90aab42809ec970e98fd8d17dd') in 0.037952 seconds 
========================================================================
Received Prepare
Registering precompiled user dll's ...
Registered in 0.001527 seconds.
Begin MonoManager ReloadAssembly
Native extension for WindowsStandalone target not found
Native extension for WebGL target not found
Refreshing native plugins compatible for Editor in 0.36 ms, found 0 plugins.
Preloading 0 native plugins for Editor in 0.00 ms.
Mono: successfully reloaded assembly
- Completed reload, in  0.863 seconds
Platform modules already initialized, skipping
Shader 'Universal Render Pipeline/Particles/Lit': fallback shader 'Universal Render Pipeline/Particles/SimpleLit' not found
Shader 'Universal Render Pipeline/Particles/Lit': fallback shader 'Universal Render Pipeline/Particles/SimpleLit' not found
Refreshing native plugins compatible for Editor in 0.40 ms, found 0 plugins.
Preloading 0 native plugins for Editor in 0.00 ms.
Unloading 2231 Unused Serialized files (Serialized files now loaded: 0)
System memory in use before: 109.2 MB.
System memory in use after: 106.5 MB.

Unloading 43 unused Assets to reduce memory usage. Loaded Objects now: 2733.
Total: 3.883200 ms (FindLiveObjects: 0.299200 ms CreateObjectMapping: 0.153300 ms MarkObjects: 2.344800 ms  DeleteObjects: 1.084300 ms)

========================================================================
Received Prepare
Registering precompiled user dll's ...
Registered in 0.002621 seconds.
Begin MonoManager ReloadAssembly
Native extension for WindowsStandalone target not found
Native extension for WebGL target not found
Refreshing native plugins compatible for Editor in 0.43 ms, found 3 plugins.
Preloading 0 native plugins for Editor in 0.00 ms.
Mono: successfully reloaded assembly
- Completed reload, in  0.844 seconds
Platform modules already initialized, skipping
Shader 'Universal Render Pipeline/Particles/Lit': fallback shader 'Universal Render Pipeline/Particles/SimpleLit' not found
Shader 'Universal Render Pipeline/Particles/Lit': fallback shader 'Universal Render Pipeline/Particles/SimpleLit' not found
Refreshing native plugins compatible for Editor in 0.42 ms, found 3 plugins.
Preloading 0 native plugins for Editor in 0.00 ms.
Unloading 2374 Unused Serialized files (Serialized files now loaded: 0)
System memory in use before: 113.6 MB.
System memory in use after: 110.6 MB.

Unloading 56 unused Assets to reduce memory usage. Loaded Objects now: 2866.
Total: 3.728000 ms (FindLiveObjects: 0.284400 ms CreateObjectMapping: 0.139500 ms MarkObjects: 2.199700 ms  DeleteObjects: 1.103000 ms)

AssetImportWorkerClient::OnTransportError - code=2 error=End of file
